mode: set
backend/business/difficulties/usecase.go:13.73,18.2 1 1
backend/business/difficulties/usecase.go:20.78,22.16 2 1
backend/business/difficulties/usecase.go:25.2,25.18 1 1
backend/business/difficulties/usecase.go:22.16,24.3 1 1
backend/business/categories/usecase.go:13.71,18.2 1 1
backend/business/categories/usecase.go:20.76,22.16 2 1
backend/business/categories/usecase.go:25.2,25.18 1 1
backend/business/categories/usecase.go:22.16,24.3 1 1
backend/business/types/usecase.go:13.67,18.2 1 1
backend/business/types/usecase.go:20.71,22.16 2 1
backend/business/types/usecase.go:25.2,25.18 1 1
backend/business/types/usecase.go:22.16,24.3 1 1
backend/business/enrollments/usecase.go:15.109,20.2 1 1
backend/business/enrollments/usecase.go:22.91,24.19 2 1
backend/business/enrollments/usecase.go:27.2,27.28 1 1
backend/business/enrollments/usecase.go:24.19,26.3 1 1
backend/business/enrollments/usecase.go:30.101,31.27 1 1
backend/business/enrollments/usecase.go:34.2,34.26 1 1
backend/business/enrollments/usecase.go:38.2,39.17 2 1
backend/business/enrollments/usecase.go:42.2,45.17 3 1
backend/business/enrollments/usecase.go:48.2,51.19 3 1
backend/business/enrollments/usecase.go:54.2,54.20 1 1
backend/business/enrollments/usecase.go:31.27,33.3 1 1
backend/business/enrollments/usecase.go:34.26,36.3 1 1
backend/business/enrollments/usecase.go:39.17,41.3 1 0
backend/business/enrollments/usecase.go:45.17,47.3 1 0
backend/business/enrollments/usecase.go:51.19,53.3 1 1
backend/business/enrollments/usecase.go:57.100,58.27 1 1
backend/business/enrollments/usecase.go:61.2,61.26 1 1
backend/business/enrollments/usecase.go:64.2,64.24 1 1
backend/business/enrollments/usecase.go:67.2,67.25 1 1
backend/business/enrollments/usecase.go:70.2,71.17 2 1
backend/business/enrollments/usecase.go:74.2,77.17 3 1
backend/business/enrollments/usecase.go:80.2,83.19 3 1
backend/business/enrollments/usecase.go:86.2,86.20 1 1
backend/business/enrollments/usecase.go:58.27,60.3 1 1
backend/business/enrollments/usecase.go:61.26,63.3 1 1
backend/business/enrollments/usecase.go:64.24,66.3 1 1
backend/business/enrollments/usecase.go:67.25,69.3 1 1
backend/business/enrollments/usecase.go:71.17,73.3 1 0
backend/business/enrollments/usecase.go:77.17,79.3 1 0
backend/business/enrollments/usecase.go:83.19,85.3 1 1
backend/business/enrollments/usecase.go:89.109,91.16 2 1
backend/business/enrollments/usecase.go:94.2,94.21 1 1
backend/business/enrollments/usecase.go:91.16,93.3 1 1
